<?xml version="1.0" encoding="UTF-8"?>
<!-- Generated by org.testng.reporters.JUnitReportReporter -->
<testsuite hostname="LAPTOP-8JQ9GGG0" failures="0" tests="3" name="Selenium_TestNG.TC0012_TestNG_pageFactory" time="23.290" errors="0" timestamp="2025-08-20T16:21:06 IST" skipped="0">
  <testcase classname="Selenium_TestNG.TC0012_TestNG_pageFactory" name="f" time="7.427"/>
  <system-out/>
  <testcase classname="Selenium_TestNG.TC0012_TestNG_pageFactory" name="f" time="7.977"/>
  <system-out/>
  <testcase classname="Selenium_TestNG.TC0012_TestNG_pageFactory" name="f" time="7.886"/>
  <system-out/>
</testsuite> <!-- Selenium_TestNG.TC0012_TestNG_pageFactory -->
