<?xml version="1.0" encoding="UTF-8"?>
<!-- Generated by org.testng.reporters.JUnitReportReporter -->
<testsuite hostname="LAPTOP-8JQ9GGG0" failures="0" tests="1" name="Selenium_TestNG.TC0012_TestNG" time="8.466" errors="0" timestamp="2025-08-20T09:37:07 IST" skipped="0">
  <testcase classname="Selenium_TestNG.TC0012_TestNG" name="f" time="8.466"/>
  <system-out/>
</testsuite> <!-- Selenium_TestNG.TC0012_TestNG -->
