<?xml version="1.0" encoding="UTF-8"?>
<!-- Generated by org.testng.reporters.JUnitReportReporter -->
<testsuite hostname="LAPTOP-8JQ9GGG0" failures="0" tests="2" name="Selenium_TestNG.Lab_14" time="15.631" errors="0" timestamp="2025-08-21T13:02:49 IST" skipped="0">
  <testcase classname="Selenium_TestNG.Lab_14" name="f" time="8.383"/>
  <system-out/>
  <testcase classname="Selenium_TestNG.Lab_14" name="f" time="7.248"/>
  <system-out/>
</testsuite> <!-- Selenium_TestNG.Lab_14 -->
