<?xml version="1.0" encoding="UTF-8"?>
<!-- Generated by org.testng.reporters.JUnitReportReporter -->
<testsuite hostname="LAPTOP-8JQ9GGG0" failures="0" tests="3" name="Selenium_TestNG.TC0014" time="8.331" errors="0" timestamp="2025-08-19T10:10:26 IST" skipped="0">
  <testcase classname="Selenium_TestNG.TC0014" name="test" time="3.099"/>
  <system-out/>
  <testcase classname="Selenium_TestNG.TC0014" name="test" time="3.072"/>
  <system-out/>
  <testcase classname="Selenium_TestNG.TC0014" name="test" time="2.160"/>
  <system-out/>
</testsuite> <!-- Selenium_TestNG.TC0014 -->
