<?xml version="1.0" encoding="UTF-8"?>
<!-- Generated by org.testng.reporters.JUnitReportReporter -->
<testsuite hostname="LAPTOP-8JQ9GGG0" failures="0" tests="2" name="Selenium_TestNG.Lab_8_1" time="12.033" errors="0" timestamp="2025-08-19T12:13:59 IST" skipped="0">
  <testcase classname="Selenium_TestNG.Lab_8_1" name="f" time="5.393"/>
  <system-out/>
  <testcase classname="Selenium_TestNG.Lab_8_1" name="f" time="6.640"/>
  <system-out/>
</testsuite> <!-- Selenium_TestNG.Lab_8_1 -->
