<?xml version="1.0" encoding="UTF-8"?>
<!-- Generated by org.testng.reporters.JUnitReportReporter -->
<testsuite hostname="LAPTOP-8JQ9GGG0" failures="0" tests="2" name="Selenium_TestNG.Lab_8_2" time="9.923" errors="0" timestamp="2025-08-19T12:13:59 IST" skipped="0">
  <testcase classname="Selenium_TestNG.Lab_8_2" name="f" time="5.497"/>
  <system-out/>
  <testcase classname="Selenium_TestNG.Lab_8_2" name="f" time="4.426"/>
  <system-out/>
</testsuite> <!-- Selenium_TestNG.Lab_8_2 -->
