<?xml version="1.0" encoding="UTF-8"?>
<!-- Generated by org.testng.reporters.JUnitReportReporter -->
<testsuite hostname="LAPTOP-8JQ9GGG0" failures="0" tests="1" name="Day_33.Q_1" time="2.791" errors="0" timestamp="2025-08-26T09:56:28 IST" skipped="0">
  <testcase classname="Day_33.Q_1" name="f" time="2.791"/>
</testsuite> <!-- Day_33.Q_1 -->
