<?xml version="1.0" encoding="UTF-8"?>
<!-- Generated by org.testng.reporters.JUnitReportReporter -->
<testsuite hostname="LAPTOP-8JQ9GGG0" failures="0" tests="2" name="Selenium_TestNG.Lab_11" time="13.813" errors="0" timestamp="2025-08-20T10:04:03 IST" skipped="0">
  <testcase classname="Selenium_TestNG.Lab_11" name="f" time="7.338"/>
  <system-out/>
  <testcase classname="Selenium_TestNG.Lab_11" name="f" time="6.475"/>
  <system-out/>
</testsuite> <!-- Selenium_TestNG.Lab_11 -->
