<?xml version="1.0" encoding="UTF-8"?>
<!-- Generated by org.testng.reporters.JUnitReportReporter -->
<testsuite hostname="LAPTOP-8JQ9GGG0" failures="0" tests="2" name="Selenium_TestNG.Lab_15" time="15.531" errors="0" timestamp="2025-08-22T09:57:43 IST" skipped="0">
  <testcase classname="Selenium_TestNG.Lab_15" name="f" time="7.396"/>
  <system-out/>
  <testcase classname="Selenium_TestNG.Lab_15" name="f" time="8.135"/>
  <system-out/>
</testsuite> <!-- Selenium_TestNG.Lab_15 -->
