<?xml version="1.0" encoding="UTF-8"?>
<!-- Generated by org.testng.reporters.JUnitReportReporter -->
<testsuite hostname="LAPTOP-8JQ9GGG0" failures="0" tests="1" name="Selenium_TestNG.Lab_8_TsetNG" time="6.981" errors="0" timestamp="2025-08-18T15:14:11 IST" skipped="0">
  <testcase classname="Selenium_TestNG.Lab_8_TsetNG" name="f" time="6.981"/>
  <system-out/>
</testsuite> <!-- Selenium_TestNG.Lab_8_TsetNG -->
