<?xml version="1.0" encoding="UTF-8"?>
<!-- Generated by org.testng.reporters.JUnitReportReporter -->
<testsuite hostname="LAPTOP-8JQ9GGG0" failures="0" tests="3" name="Selenium_TestNG.Lab_9" time="11.806" errors="0" timestamp="2025-08-19T14:53:51 IST" skipped="0">
  <testcase classname="Selenium_TestNG.Lab_9" name="f" time="4.283"/>
  <system-out/>
  <testcase classname="Selenium_TestNG.Lab_9" name="f" time="3.687"/>
  <system-out/>
  <testcase classname="Selenium_TestNG.Lab_9" name="f" time="3.836"/>
  <system-out/>
</testsuite> <!-- Selenium_TestNG.Lab_9 -->
