<?xml version="1.0" encoding="UTF-8"?>
<!-- Generated by org.testng.reporters.JUnitReportReporter -->
<testsuite hostname="LAPTOP-8JQ9GGG0" failures="0" tests="3" name="Selenium_TestNG.Lab_9" time="12.195" errors="0" timestamp="2025-08-19T14:47:11 IST" skipped="0">
  <testcase classname="Selenium_TestNG.Lab_9" name="f" time="3.854"/>
  <system-out/>
  <testcase classname="Selenium_TestNG.Lab_9" name="f" time="4.474"/>
  <system-out/>
  <testcase classname="Selenium_TestNG.Lab_9" name="f" time="3.867"/>
  <system-out/>
</testsuite> <!-- Selenium_TestNG.Lab_9 -->
