<?xml version="1.0" encoding="UTF-8"?>
<!-- Generated by org.testng.reporters.JUnitReportReporter -->
<testsuite hostname="LAPTOP-8JQ9GGG0" failures="0" tests="1" name="Selenium.TC0012_TestNG" time="33.584" errors="0" timestamp="2025-08-18T14:33:15 IST" skipped="0">
  <testcase classname="Selenium.TC0012_TestNG" name="f" time="33.584"/>
  <system-out/>
</testsuite> <!-- Selenium.TC0012_TestNG -->
