<?xml version="1.0" encoding="UTF-8"?>
<!-- Generated by org.testng.reporters.JUnitReportReporter -->
<testsuite hostname="LAPTOP-8JQ9GGG0" failures="0" tests="1" name="Selenium_TestNG.TC0012_TestNG" time="35.180" errors="0" timestamp="2025-08-18T14:39:12 IST" skipped="0">
  <testcase classname="Selenium_TestNG.TC0012_TestNG" name="f" time="35.180"/>
  <system-out/>
</testsuite> <!-- Selenium_TestNG.TC0012_TestNG -->
