<?xml version="1.0" encoding="UTF-8"?>
<!-- Generated by org.testng.reporters.JUnitReportReporter -->
<testsuite hostname="LAPTOP-8JQ9GGG0" failures="0" tests="1" name="Selenium_TestNG.Lab_8_TestNG" time="7.821" errors="0" timestamp="2025-08-18T16:19:24 IST" skipped="0">
  <testcase classname="Selenium_TestNG.Lab_8_TestNG" name="f" time="7.821"/>
  <system-out/>
</testsuite> <!-- Selenium_TestNG.Lab_8_TestNG -->
