<?xml version="1.0" encoding="UTF-8"?>
<!-- Generated by org.testng.reporters.JUnitReportReporter -->
<testsuite hostname="LAPTOP-8JQ9GGG0" failures="0" tests="2" name="Selenium_TestNG.Lab_8_2_TestNG" time="17.395" errors="0" timestamp="2025-08-18T16:19:24 IST" skipped="0">
  <testcase classname="Selenium_TestNG.Lab_8_2_TestNG" name="f" time="8.632"/>
  <system-out/>
  <testcase classname="Selenium_TestNG.Lab_8_2_TestNG" name="f" time="8.763"/>
  <system-out/>
</testsuite> <!-- Selenium_TestNG.Lab_8_2_TestNG -->
