<?xml version="1.0" encoding="UTF-8"?>
<!-- Generated by org.testng.reporters.JUnitReportReporter -->
<testsuite hostname="LAPTOP-8JQ9GGG0" failures="0" tests="2" name="Selenium_TestNG.Lab_16" time="18.946" errors="0" timestamp="2025-08-22T15:01:58 IST" skipped="0">
  <testcase classname="Selenium_TestNG.Lab_16" name="f" time="8.573"/>
  <system-out/>
  <testcase classname="Selenium_TestNG.Lab_16" name="f" time="10.373"/>
  <system-out/>
</testsuite> <!-- Selenium_TestNG.Lab_16 -->
