<?xml version="1.0" encoding="UTF-8"?>
<!-- Generated by org.testng.reporters.JUnitReportReporter -->
<testsuite hostname="LAPTOP-8JQ9GGG0" failures="0" tests="3" name="Selenium_TestNG.TC0013" time="8.012" errors="0" timestamp="2025-08-19T10:50:02 IST" skipped="0">
  <testcase classname="Selenium_TestNG.TC0013" name="test2" time="2.467"/>
  <system-out/>
  <testcase classname="Selenium_TestNG.TC0013" name="test3" time="2.500"/>
  <system-out/>
  <testcase classname="Selenium_TestNG.TC0013" name="test1" time="3.045"/>
  <system-out/>
</testsuite> <!-- Selenium_TestNG.TC0013 -->
