<?xml version="1.0" encoding="UTF-8"?>
<!-- Generated by org.testng.reporters.JUnitReportReporter -->
<testsuite hostname="LAPTOP-8JQ9GGG0" failures="0" tests="1" name="Day_33.Q_9" time="1.100" errors="0" timestamp="2025-08-26T14:25:33 IST" skipped="0">
  <testcase classname="Day_33.Q_9" name="captureScreenshot" time="1.100"/>
</testsuite> <!-- Day_33.Q_9 -->
