<?xml version="1.0" encoding="UTF-8"?>
<!-- Generated by org.testng.reporters.JUnitReportReporter -->
<testsuite hostname="LAPTOP-8JQ9GGG0" failures="0" tests="1" name="Day_33.Q_2" time="11.503" errors="0" timestamp="2025-08-26T12:30:57 IST" skipped="0">
  <testcase classname="Day_33.Q_2" name="f" time="11.503"/>
</testsuite> <!-- Day_33.Q_2 -->
