<?xml version="1.0" encoding="UTF-8"?>
<!-- Generated by org.testng.reporters.JUnitReportReporter -->
<testsuite hostname="LAPTOP-8JQ9GGG0" failures="0" tests="1" name="Day_33.Q_8" time="7.211" errors="0" timestamp="2025-08-26T14:08:30 IST" skipped="0">
  <testcase classname="Day_33.Q_8" name="multipleWindowsHandling" time="7.211"/>
</testsuite> <!-- Day_33.Q_8 -->
