<?xml version="1.0" encoding="UTF-8"?>
<!-- Generated by org.testng.reporters.JUnitReportReporter -->
<testsuite hostname="LAPTOP-8JQ9GGG0" failures="0" tests="1" name="Day_33.Q_6" time="7.368" errors="0" timestamp="2025-08-26T11:59:21 IST" skipped="0">
  <testcase classname="Day_33.Q_6" name="f" time="7.368"/>
</testsuite> <!-- Day_33.Q_6 -->
